[0527/173625.902:INFO:CONSOLE(152)] "Event handler of 'x-storagemutated-1' event must be added on the initial evaluation of worker script.", source: https://static.whatsapp.net/rsrc.php/v4/yw/r/LjA0GUb3Vmo.js (152)
[0527/173626.248:INFO:CONSOLE(0)] "Error with Permissions-Policy header: Feature xr-spatial-tracking's parameters are ignored.", source:  (0)
[0527/173626.249:INFO:CONSOLE(0)] "Error with Permissions-Policy header: Origin trial controlled feature not enabled: 'attribution-reporting'.", source:  (0)
[0527/173626.249:INFO:CONSOLE(0)] "Error with Permissions-Policy header: Unrecognized feature: 'compute-pressure'.", source:  (0)
[0527/173626.250:INFO:CONSOLE(0)] "Error with Permissions-Policy header: Origin trial controlled feature not enabled: 'interest-cohort'.", source:  (0)
[0527/173626.250:INFO:CONSOLE(0)] "Error with Permissions-Policy header: Unrecognized feature: 'private-state-token-issuance'.", source:  (0)
[0527/173626.250:INFO:CONSOLE(0)] "Error with Permissions-Policy header: Origin trial controlled feature not enabled: 'shared-storage'.", source:  (0)
[0527/173626.250:INFO:CONSOLE(0)] "Error with Permissions-Policy header: Unrecognized feature: 'shared-storage-select-url'.", source:  (0)
[0527/173626.251:INFO:CONSOLE(0)] "Error with Permissions-Policy header: Unrecognized feature: 'private-state-token-redemption'.", source:  (0)
[0527/173626.251:INFO:CONSOLE(0)] "Error with Permissions-Policy header: Unrecognized feature: 'unload'.", source:  (0)
[0527/173626.251:INFO:CONSOLE(0)] "Error with Permissions-Policy header: Unrecognized feature: 'window-management'.", source:  (0)
[0527/173640.548:INFO:CONSOLE(162)] "Event handler of 'x-storagemutated-1' event must be added on the initial evaluation of worker script.", source: https://static.whatsapp.net/rsrc.php/v4/yB/r/yFSwizJyAqE.js (162)
[0527/173649.839:INFO:CONSOLE(0)] "Error with Permissions-Policy header: Feature xr-spatial-tracking's parameters are ignored.", source:  (0)
[0527/173649.839:INFO:CONSOLE(0)] "Error with Permissions-Policy header: Origin trial controlled feature not enabled: 'attribution-reporting'.", source:  (0)
[0527/173649.840:INFO:CONSOLE(0)] "Error with Permissions-Policy header: Unrecognized feature: 'compute-pressure'.", source:  (0)
[0527/173649.840:INFO:CONSOLE(0)] "Error with Permissions-Policy header: Origin trial controlled feature not enabled: 'interest-cohort'.", source:  (0)
[0527/173649.841:INFO:CONSOLE(0)] "Error with Permissions-Policy header: Unrecognized feature: 'private-state-token-issuance'.", source:  (0)
[0527/173649.841:INFO:CONSOLE(0)] "Error with Permissions-Policy header: Origin trial controlled feature not enabled: 'shared-storage'.", source:  (0)
[0527/173649.841:INFO:CONSOLE(0)] "Error with Permissions-Policy header: Unrecognized feature: 'shared-storage-select-url'.", source:  (0)
[0527/173649.841:INFO:CONSOLE(0)] "Error with Permissions-Policy header: Unrecognized feature: 'private-state-token-redemption'.", source:  (0)
[0527/173649.842:INFO:CONSOLE(0)] "Error with Permissions-Policy header: Unrecognized feature: 'unload'.", source:  (0)
[0527/173649.842:INFO:CONSOLE(0)] "Error with Permissions-Policy header: Unrecognized feature: 'window-management'.", source:  (0)
[0527/173651.367:ERROR:backend_impl.cc(754)] Unable to create file: -4
[0527/173651.367:ERROR:entry_impl.cc(995)] Failed to save user data
[0527/173651.493:ERROR:backend_impl.cc(754)] Unable to create file: -4
[0527/173651.493:ERROR:entry_impl.cc(995)] Failed to save user data
[0527/173651.556:INFO:CONSOLE(0)] "Error with Permissions-Policy header: Feature xr-spatial-tracking's parameters are ignored.", source:  (0)
[0527/173651.556:INFO:CONSOLE(0)] "Error with Permissions-Policy header: Origin trial controlled feature not enabled: 'attribution-reporting'.", source:  (0)
[0527/173651.556:INFO:CONSOLE(0)] "Error with Permissions-Policy header: Unrecognized feature: 'compute-pressure'.", source:  (0)
[0527/173651.556:INFO:CONSOLE(0)] "Error with Permissions-Policy header: Origin trial controlled feature not enabled: 'interest-cohort'.", source:  (0)
[0527/173651.556:INFO:CONSOLE(0)] "Error with Permissions-Policy header: Unrecognized feature: 'private-state-token-issuance'.", source:  (0)
[0527/173651.556:INFO:CONSOLE(0)] "Error with Permissions-Policy header: Origin trial controlled feature not enabled: 'shared-storage'.", source:  (0)
[0527/173651.556:INFO:CONSOLE(0)] "Error with Permissions-Policy header: Unrecognized feature: 'shared-storage-select-url'.", source:  (0)
[0527/173651.556:INFO:CONSOLE(0)] "Error with Permissions-Policy header: Unrecognized feature: 'private-state-token-redemption'.", source:  (0)
[0527/173651.557:INFO:CONSOLE(0)] "Error with Permissions-Policy header: Unrecognized feature: 'unload'.", source:  (0)
[0527/173651.557:INFO:CONSOLE(0)] "Error with Permissions-Policy header: Unrecognized feature: 'window-management'.", source:  (0)
[0527/173652.741:ERROR:backend_impl.cc(754)] Unable to create file: -4
[0527/173652.741:ERROR:entry_impl.cc(995)] Failed to save user data
[0527/173652.851:ERROR:entry_impl.cc(1072)] No file for 800000e3
[0527/173652.854:ERROR:entry_impl.cc(1072)] No file for 800000e7
[0527/173652.854:ERROR:entry_impl.cc(1072)] No file for 800000e5
[0527/173652.941:ERROR:entry_impl.cc(1072)] No file for 8000000c
[0527/173652.943:ERROR:entry_impl.cc(1072)] No file for 800000af
[0527/173652.947:ERROR:backend_impl.cc(754)] Unable to create file: -4
[0527/173652.947:ERROR:entry_impl.cc(995)] Failed to save user data
[0527/173652.974:ERROR:backend_impl.cc(754)] Unable to create file: -4
[0527/173652.974:ERROR:entry_impl.cc(995)] Failed to save user data
[0527/173653.078:ERROR:backend_impl.cc(754)] Unable to create file: -4
[0527/173653.078:ERROR:entry_impl.cc(995)] Failed to save user data
[0527/173653.147:ERROR:backend_impl.cc(754)] Unable to create file: -4
[0527/173653.147:ERROR:entry_impl.cc(995)] Failed to save user data
[0527/173653.174:ERROR:backend_impl.cc(754)] Unable to create file: -4
[0527/173653.175:ERROR:entry_impl.cc(995)] Failed to save user data
[0527/173654.708:ERROR:backend_impl.cc(754)] Unable to create file: -4
[0527/173654.708:ERROR:entry_impl.cc(995)] Failed to save user data
[0527/173655.323:ERROR:backend_impl.cc(754)] Unable to create file: -4
[0527/173655.323:ERROR:entry_impl.cc(995)] Failed to save user data
